2025-12-28 17:49:39.951 [main] INFO  c.chessbot.ChessbotApplicationTests - Starting ChessbotApplicationTests using Java 20.0.1 with PID 4508 (started by Хозяин in C:\Users\Хозяин\LessonProjekt\chessbot)
2025-12-28 17:49:39.955 [main] INFO  c.chessbot.ChessbotApplicationTests - No active profile set, falling back to 1 default profile: "default"
2025-12-28 17:49:40.526 [main] INFO  o.s.d.r.c.RepositoryConfigurationDelegate - Bootstrapping Spring Data JPA repositories in DEFAULT mode.
2025-12-28 17:49:40.549 [main] INFO  o.s.d.r.c.RepositoryConfigurationDelegate - Finished Spring Data repository scanning in 13 ms. Found 0 JPA repository interfaces.
2025-12-28 17:49:41.041 [main] INFO  o.h.jpa.internal.util.LogHelper - HHH000204: Processing PersistenceUnitInfo [name: default]
2025-12-28 17:49:41.112 [main] INFO  org.hibernate.Version - HHH000412: Hibernate ORM core version 7.1.8.Final
2025-12-28 17:49:41.654 [main] INFO  o.s.o.j.p.SpringPersistenceUnitInfo - No LoadTimeWeaver setup: ignoring JPA class transformer
2025-12-28 17:49:41.690 [main] INFO  com.zaxxer.hikari.HikariDataSource - HikariPool-1 - Starting...
2025-12-28 17:49:41.990 [main] INFO  com.zaxxer.hikari.pool.HikariPool - HikariPool-1 - Added connection org.postgresql.jdbc.PgConnection@25765a49
2025-12-28 17:49:41.991 [main] INFO  com.zaxxer.hikari.HikariDataSource - HikariPool-1 - Start completed.
2025-12-28 17:49:42.039 [main] WARN  org.hibernate.orm.deprecation - HHH90000025: PostgreSQLDialect does not need to be specified explicitly using 'hibernate.dialect' (remove the property setting and it will be selected by default)
2025-12-28 17:49:42.066 [main] INFO  o.hibernate.orm.connections.pooling - HHH10001005: Database info:
	Database JDBC URL [jdbc:postgresql://localhost:5432/masqueradeBot]
	Database driver: PostgreSQL JDBC Driver
	Database dialect: PostgreSQLDialect
	Database version: 16.1
	Default catalog/schema: masqueradeBot/public
	Autocommit mode: undefined/unknown
	Isolation level: READ_COMMITTED [default READ_COMMITTED]
	JDBC fetch size: none
	Pool: DatasourceConnectionProviderImpl
	Minimum pool size: undefined/unknown
	Maximum pool size: undefined/unknown
2025-12-28 17:49:42.574 [main] INFO  o.h.e.t.j.p.i.JtaPlatformInitiator - HHH000489: No JTA platform available (set 'hibernate.transaction.jta.platform' to enable JTA platform integration)
2025-12-28 17:49:42.584 [main] INFO  o.s.o.j.LocalContainerEntityManagerFactoryBean - Initialized JPA EntityManagerFactory for persistence unit 'default'
2025-12-28 17:49:42.658 [main] WARN  o.s.aop.framework.CglibAopProxy - Public final method [public final org.telegram.telegrambots.meta.api.objects.Message org.telegram.telegrambots.bots.DefaultAbsSender.execute(org.telegram.telegrambots.meta.api.methods.send.SendVideo) throws org.telegram.telegrambots.meta.exceptions.TelegramApiException] cannot get proxied via CGLIB, consider removing the final marker or using interface-based JDK proxies.
2025-12-28 17:49:42.658 [main] WARN  o.s.aop.framework.CglibAopProxy - Public final method [public final org.telegram.telegrambots.meta.api.objects.Message org.telegram.telegrambots.bots.DefaultAbsSender.execute(org.telegram.telegrambots.meta.api.methods.send.SendPhoto) throws org.telegram.telegrambots.meta.exceptions.TelegramApiException] cannot get proxied via CGLIB, consider removing the final marker or using interface-based JDK proxies.
2025-12-28 17:49:42.658 [main] WARN  o.s.aop.framework.CglibAopProxy - Public final method [public final org.telegram.telegrambots.meta.api.objects.Message org.telegram.telegrambots.bots.DefaultAbsSender.execute(org.telegram.telegrambots.meta.api.methods.send.SendDocument) throws org.telegram.telegrambots.meta.exceptions.TelegramApiException] cannot get proxied via CGLIB, consider removing the final marker or using interface-based JDK proxies.
2025-12-28 17:49:42.659 [main] WARN  o.s.aop.framework.CglibAopProxy - Public final method [public final org.telegram.telegrambots.meta.api.objects.Message org.telegram.telegrambots.bots.DefaultAbsSender.execute(org.telegram.telegrambots.meta.api.methods.send.SendVoice) throws org.telegram.telegrambots.meta.exceptions.TelegramApiException] cannot get proxied via CGLIB, consider removing the final marker or using interface-based JDK proxies.
2025-12-28 17:49:42.659 [main] WARN  o.s.aop.framework.CglibAopProxy - Public final method [public final org.telegram.telegrambots.meta.api.objects.Message org.telegram.telegrambots.bots.DefaultAbsSender.execute(org.telegram.telegrambots.meta.api.methods.send.SendAudio) throws org.telegram.telegrambots.meta.exceptions.TelegramApiException] cannot get proxied via CGLIB, consider removing the final marker or using interface-based JDK proxies.
2025-12-28 17:49:42.659 [main] WARN  o.s.aop.framework.CglibAopProxy - Public final method [public final org.telegram.telegrambots.meta.api.objects.Message org.telegram.telegrambots.bots.DefaultAbsSender.execute(org.telegram.telegrambots.meta.api.methods.send.SendSticker) throws org.telegram.telegrambots.meta.exceptions.TelegramApiException] cannot get proxied via CGLIB, consider removing the final marker or using interface-based JDK proxies.
2025-12-28 17:49:42.659 [main] WARN  o.s.aop.framework.CglibAopProxy - Public final method [public final org.telegram.telegrambots.meta.api.objects.Message org.telegram.telegrambots.bots.DefaultAbsSender.execute(org.telegram.telegrambots.meta.api.methods.send.SendVideoNote) throws org.telegram.telegrambots.meta.exceptions.TelegramApiException] cannot get proxied via CGLIB, consider removing the final marker or using interface-based JDK proxies.
2025-12-28 17:49:42.659 [main] WARN  o.s.aop.framework.CglibAopProxy - Unable to proxy interface-implementing method [public final org.telegram.telegrambots.bots.DefaultBotOptions org.telegram.telegrambots.bots.DefaultAbsSender.getOptions()] because it is marked as final, consider using interface-based JDK proxies instead.
2025-12-28 17:49:42.659 [main] WARN  o.s.aop.framework.CglibAopProxy - Public final method [public final void org.telegram.telegrambots.bots.DefaultAbsSender.downloadFileAsync(java.lang.String,org.telegram.telegrambots.meta.updateshandlers.DownloadFileCallback) throws org.telegram.telegrambots.meta.exceptions.TelegramApiException] cannot get proxied via CGLIB, consider removing the final marker or using interface-based JDK proxies.
2025-12-28 17:49:42.660 [main] WARN  o.s.aop.framework.CglibAopProxy - Public final method [public final void org.telegram.telegrambots.bots.DefaultAbsSender.downloadFileAsync(org.telegram.telegrambots.meta.api.objects.File,org.telegram.telegrambots.meta.updateshandlers.DownloadFileCallback) throws org.telegram.telegrambots.meta.exceptions.TelegramApiException] cannot get proxied via CGLIB, consider removing the final marker or using interface-based JDK proxies.
2025-12-28 17:49:42.660 [main] WARN  o.s.aop.framework.CglibAopProxy - Public final method [public final java.io.File org.telegram.telegrambots.bots.DefaultAbsSender.downloadFile(java.lang.String,java.io.File) throws org.telegram.telegrambots.meta.exceptions.TelegramApiException] cannot get proxied via CGLIB, consider removing the final marker or using interface-based JDK proxies.
2025-12-28 17:49:42.660 [main] WARN  o.s.aop.framework.CglibAopProxy - Public final method [public final java.io.File org.telegram.telegrambots.bots.DefaultAbsSender.downloadFile(org.telegram.telegrambots.meta.api.objects.File,java.io.File) throws org.telegram.telegrambots.meta.exceptions.TelegramApiException] cannot get proxied via CGLIB, consider removing the final marker or using interface-based JDK proxies.
2025-12-28 17:49:42.660 [main] WARN  o.s.aop.framework.CglibAopProxy - Public final method [public final java.io.File org.telegram.telegrambots.bots.DefaultAbsSender.downloadFile(org.telegram.telegrambots.meta.api.objects.File) throws org.telegram.telegrambots.meta.exceptions.TelegramApiException] cannot get proxied via CGLIB, consider removing the final marker or using interface-based JDK proxies.
2025-12-28 17:49:42.661 [main] WARN  o.s.aop.framework.CglibAopProxy - Public final method [public final java.io.File org.telegram.telegrambots.bots.DefaultAbsSender.downloadFile(java.lang.String) throws org.telegram.telegrambots.meta.exceptions.TelegramApiException] cannot get proxied via CGLIB, consider removing the final marker or using interface-based JDK proxies.
2025-12-28 17:49:42.661 [main] WARN  o.s.aop.framework.CglibAopProxy - Public final method [public final java.io.InputStream org.telegram.telegrambots.bots.DefaultAbsSender.downloadFileAsStream(org.telegram.telegrambots.meta.api.objects.File) throws org.telegram.telegrambots.meta.exceptions.TelegramApiException] cannot get proxied via CGLIB, consider removing the final marker or using interface-based JDK proxies.
2025-12-28 17:49:42.661 [main] WARN  o.s.aop.framework.CglibAopProxy - Public final method [public final java.io.InputStream org.telegram.telegrambots.bots.DefaultAbsSender.downloadFileAsStream(java.lang.String) throws org.telegram.telegrambots.meta.exceptions.TelegramApiException] cannot get proxied via CGLIB, consider removing the final marker or using interface-based JDK proxies.
2025-12-28 17:49:42.663 [main] WARN  o.s.aop.framework.CglibAopProxy - Public final method [public final org.telegram.telegrambots.meta.api.objects.WebhookInfo org.telegram.telegrambots.meta.bots.AbsSender.getWebhookInfo() throws org.telegram.telegrambots.meta.exceptions.TelegramApiException] cannot get proxied via CGLIB, consider removing the final marker or using interface-based JDK proxies.
2025-12-28 17:49:42.663 [main] WARN  o.s.aop.framework.CglibAopProxy - Public final method [public final org.telegram.telegrambots.meta.api.objects.User org.telegram.telegrambots.meta.bots.AbsSender.getMe() throws org.telegram.telegrambots.meta.exceptions.TelegramApiException] cannot get proxied via CGLIB, consider removing the final marker or using interface-based JDK proxies.
2025-12-28 17:49:42.663 [main] WARN  o.s.aop.framework.CglibAopProxy - Public final method [public final java.util.concurrent.CompletableFuture org.telegram.telegrambots.meta.bots.AbsSender.getMeAsync()] cannot get proxied via CGLIB, consider removing the final marker or using interface-based JDK proxies.
2025-12-28 17:49:42.663 [main] WARN  o.s.aop.framework.CglibAopProxy - Public final method [public final void org.telegram.telegrambots.meta.bots.AbsSender.getMeAsync(org.telegram.telegrambots.meta.updateshandlers.SentCallback) throws org.telegram.telegrambots.meta.exceptions.TelegramApiException] cannot get proxied via CGLIB, consider removing the final marker or using interface-based JDK proxies.
2025-12-28 17:49:42.663 [main] WARN  o.s.aop.framework.CglibAopProxy - Public final method [public final java.util.concurrent.CompletableFuture org.telegram.telegrambots.meta.bots.AbsSender.getWebhookInfoAsync()] cannot get proxied via CGLIB, consider removing the final marker or using interface-based JDK proxies.
2025-12-28 17:49:42.663 [main] WARN  o.s.aop.framework.CglibAopProxy - Public final method [public final void org.telegram.telegrambots.meta.bots.AbsSender.getWebhookInfoAsync(org.telegram.telegrambots.meta.updateshandlers.SentCallback) throws org.telegram.telegrambots.meta.exceptions.TelegramApiException] cannot get proxied via CGLIB, consider removing the final marker or using interface-based JDK proxies.
2025-12-28 17:49:43.385 [main] INFO  o.s.v.b.OptionalValidatorFactoryBean - Failed to set up a Bean Validation provider: jakarta.validation.NoProviderFoundException: Unable to create a Configuration, because no Jakarta Validation provider could be found. Add a provider like Hibernate Validator (RI) to your classpath.
2025-12-28 17:49:43.650 [@LichessDIO_bot Telegram Executor] INFO  c.c.config.LongPollingBotConfig - Received update: Update(updateId=114583525, message=Message(messageId=1109, messageThreadId=null, from=User(id=5032726986, firstName=Иван, isBot=false, lastName=null, userName=vannjok, languageCode=ru, canJoinGroups=null, canReadAllGroupMessages=null, supportInlineQueries=null, isPremium=null, addedToAttachmentMenu=null), date=1766927899, chat=Chat(id=5032726986, type=private, title=null, firstName=Иван, lastName=null, userName=vannjok, photo=null, description=null, inviteLink=null, pinnedMessage=null, stickerSetName=null, canSetStickerSet=null, permissions=null, slowModeDelay=null, bio=null, linkedChatId=null, location=null, messageAutoDeleteTime=null, hasPrivateForwards=null, HasProtectedContent=null, joinToSendMessages=null, joinByRequest=null, hasRestrictedVoiceAndVideoMessages=null, isForum=null, activeUsernames=null, emojiStatusCustomEmojiId=null, hasAggressiveAntiSpamEnabled=null, hasHiddenMembers=null, emojiStatusExpirationDate=null, availableReactions=null, accentColorId=null, backgroundCustomEmojiId=null, profileAccentColorId=null, profileBackgroundCustomEmojiId=null, hasVisibleHistory=null, unrestrictBoostCount=null, customEmojiStickerSetName=null), forwardFrom=null, forwardFromChat=null, forwardDate=null, text=/start, entities=[MessageEntity(type=bot_command, offset=0, length=6, url=null, user=null, language=null, customEmojiId=null, text=/start)], captionEntities=null, audio=null, document=null, photo=null, sticker=null, video=null, contact=null, location=null, venue=null, animation=null, pinnedMessage=null, newChatMembers=[], leftChatMember=null, newChatTitle=null, newChatPhoto=null, deleteChatPhoto=null, groupchatCreated=null, replyToMessage=null, voice=null, caption=null, superGroupCreated=null, channelChatCreated=null, migrateToChatId=null, migrateFromChatId=null, editDate=null, game=null, forwardFromMessageId=null, invoice=null, successfulPayment=null, videoNote=null, authorSignature=null, forwardSignature=null, mediaGroupId=null, connectedWebsite=null, passportData=null, forwardSenderName=null, poll=null, replyMarkup=null, dice=null, viaBot=null, senderChat=null, proximityAlertTriggered=null, messageAutoDeleteTimerChanged=null, isAutomaticForward=null, hasProtectedContent=null, webAppData=null, videoChatStarted=null, videoChatEnded=null, videoChatParticipantsInvited=null, videoChatScheduled=null, isTopicMessage=null, forumTopicCreated=null, forumTopicClosed=null, forumTopicReopened=null, forumTopicEdited=null, generalForumTopicHidden=null, generalForumTopicUnhidden=null, writeAccessAllowed=null, hasMediaSpoiler=null, userShared=null, chatShared=null, story=null, externalReplyInfo=null, forwardOrigin=null, linkPreviewOptions=null, quote=null, usersShared=null, giveawayCreated=null, giveaway=null, giveawayWinners=null, giveawayCompleted=null, replyToStory=null, boostAdded=null, senderBoostCount=null), inlineQuery=null, chosenInlineQuery=null, callbackQuery=null, editedMessage=null, channelPost=null, editedChannelPost=null, shippingQuery=null, preCheckoutQuery=null, poll=null, pollAnswer=null, myChatMember=null, chatMember=null, chatJoinRequest=null, messageReaction=null, messageReactionCount=null, chatBoost=null, removedChatBoost=null)
2025-12-28 17:49:43.651 [@LichessDIO_bot Telegram Executor] INFO  com.chessbot.bot.BotFasade - 📨 Обработка обновления: 114583525
2025-12-28 17:49:43.652 [@LichessDIO_bot Telegram Executor] INFO  com.chessbot.bot.BotFasade - 💬 Сообщение от @vannjok (chatId: 5032726986): /start
2025-12-28 17:49:43.652 [@LichessDIO_bot Telegram Executor] INFO  c.c.handlers.ChessCommandHandler - Обработка команды: chatId=5032726986, text='/start', user='vannjok'
2025-12-28 17:49:43.761 [@LichessDIO_bot Telegram Executor] INFO  c.c.config.LongPollingBotConfig - Message sent successfully to chat: 5032726986
2025-12-28 17:49:43.773 [main] INFO  c.chessbot.ChessbotApplicationTests - Started ChessbotApplicationTests in 4.145 seconds (process running for 5.379)
2025-12-28 17:49:44.203 [SpringApplicationShutdownHook] INFO  o.s.o.j.LocalContainerEntityManagerFactoryBean - Closing JPA EntityManagerFactory for persistence unit 'default'
2025-12-28 17:49:44.205 [SpringApplicationShutdownHook] INFO  com.zaxxer.hikari.HikariDataSource - HikariPool-1 - Shutdown initiated...
2025-12-28 17:49:44.208 [SpringApplicationShutdownHook] INFO  com.zaxxer.hikari.HikariDataSource - HikariPool-1 - Shutdown completed.
